Using pre-set license
Built from '2021.1/staging' branch; Version is '2021.1.6f1 (c0fade0cc7e9) revision 12647134'; Using compiler version '192528614'; Build Type 'Release'
OS: 'Windows 10 Pro; OS build 19045.2486; Version 2009; 64bit' Language: 'ru' Physical Memory: 7805 MB
BatchMode: 1, IsHumanControllingUs: 0, StartBugReporterOnCrash: 0, Is64bit: 1, IsPro: 0

 COMMAND LINE ARGUMENTS:
C:\Program Files\Unity 2021.1.6f1\Editor\Unity.exe
-adb2
-batchMode
-noUpm
-name
AssetImportWorker28
-projectPath
G:/Учеба/C#/Unity задачи/API-C
-logFile
Logs/AssetImportWorker28.log
-srvPort
64372
Successfully changed project path to: G:/Учеба/C#/Unity задачи/API-C
G:/Учеба/C#/Unity задачи/API-C
Using Asset Import Pipeline V2.
Refreshing native plugins compatible for Editor in 567.75 ms, found 1 plugins.
Preloading 0 native plugins for Editor in 0.00 ms.
Initialize engine version: 2021.1.6f1 (c0fade0cc7e9)
[Subsystems] Discovering subsystems at path C:/Program Files/Unity 2021.1.6f1/Editor/Data/Resources/UnitySubsystems
[Subsystems] Discovering subsystems at path G:/Учеба/C#/Unity задачи/API-C/Assets
GfxDevice: creating device client; threaded=0; jobified=0
Direct3D:
    Version:  Direct3D 11.0 [level 11.0]
    Renderer: Intel(R) HD Graphics (ID=0x156)
    Vendor:   Intel
    VRAM:     128 MB
    Driver:   10.18.10.5161
Initialize mono
Mono path[0] = 'C:/Program Files/Unity 2021.1.6f1/Editor/Data/Managed'
Mono path[1] = 'C:/Program Files/Unity 2021.1.6f1/Editor/Data/MonoBleedingEdge/lib/mono/unityjit'
Mono config path = 'C:/Program Files/Unity 2021.1.6f1/Editor/Data/MonoBleedingEdge/etc'
Using monoOptions --debugger-agent=transport=dt_socket,embedding=1,server=y,suspend=n,address=127.0.0.1:56472
Begin MonoManager ReloadAssembly
Registering precompiled unity dll's ...
Register platform support module: C:/Program Files/Unity 2021.1.6f1/Editor/Data/PlaybackEngines/WindowsStandaloneSupport/UnityEditor.WindowsStandalone.Extensions.dll
Registered in 0.010229 seconds.
Native extension for WindowsStandalone target not found
Refreshing native plugins compatible for Editor in 256.68 ms, found 1 plugins.
Preloading 0 native plugins for Editor in 0.00 ms.
Mono: successfully reloaded assembly
- Completed reload, in  5.586 seconds
Platform modules already initialized, skipping
Registering precompiled user dll's ...
Registered in 0.006018 seconds.
Begin MonoManager ReloadAssembly
Native extension for WindowsStandalone target not found
Refreshing native plugins compatible for Editor in 0.82 ms, found 1 plugins.
Preloading 0 native plugins for Editor in 0.00 ms.
Mono: successfully reloaded assembly
- Completed reload, in  6.145 seconds
Platform modules already initialized, skipping
========================================================================
Worker process is ready to serve import requests
Launched and connected shader compiler UnityShaderCompiler.exe after 0.26 seconds
Refreshing native plugins compatible for Editor in 3.63 ms, found 1 plugins.
Preloading 0 native plugins for Editor in 0.00 ms.
Unloading 2666 Unused Serialized files (Serialized files now loaded: 0)
System memory in use before: 98.3 MB.
System memory in use after: 98.5 MB.

Unloading 15 unused Assets to reduce memory usage. Loaded Objects now: 3119.
Total: 5.494200 ms (FindLiveObjects: 0.698300 ms CreateObjectMapping: 0.399100 ms MarkObjects: 4.248200 ms  DeleteObjects: 0.144900 ms)

========================================================================
Received Import Request.
  path: Assets/Scripts/DataController.cs
  artifactKey: Guid(1c75cbc98a9870b44a7d1eb00d53034b) Importer(815301076,1909f56bfc062723c751e8b465ee728b)
Start importing Assets/Scripts/DataController.cs using Guid(1c75cbc98a9870b44a7d1eb00d53034b) Importer(815301076,1909f56bfc062723c751e8b465ee728b)  -> (artifact id: '498717203953428670f207237584c7b9') in 0.204874 seconds 
========================================================================
Received Prepare
Registering precompiled user dll's ...
Registered in 0.056319 seconds.
Begin MonoManager ReloadAssembly
Native extension for WindowsStandalone target not found
Refreshing native plugins compatible for Editor in 1.07 ms, found 1 plugins.
Preloading 0 native plugins for Editor in 0.00 ms.
Mono: successfully reloaded assembly
- Completed reload, in  6.343 seconds
Platform modules already initialized, skipping
Refreshing native plugins compatible for Editor in 0.79 ms, found 1 plugins.
Preloading 0 native plugins for Editor in 0.00 ms.
Unloading 2661 Unused Serialized files (Serialized files now loaded: 0)
System memory in use before: 98.3 MB.
System memory in use after: 98.5 MB.

Unloading 10 unused Assets to reduce memory usage. Loaded Objects now: 3122.
Total: 4.713300 ms (FindLiveObjects: 0.362300 ms CreateObjectMapping: 0.282900 ms MarkObjects: 3.943600 ms  DeleteObjects: 0.120900 ms)

========================================================================
Received Prepare
Registering precompiled user dll's ...
Registered in 0.006168 seconds.
Begin MonoManager ReloadAssembly
Native extension for WindowsStandalone target not found
Refreshing native plugins compatible for Editor in 1.03 ms, found 1 plugins.
Preloading 0 native plugins for Editor in 0.00 ms.
Mono: successfully reloaded assembly
- Completed reload, in 10.753 seconds
Platform modules already initialized, skipping
Refreshing native plugins compatible for Editor in 0.78 ms, found 1 plugins.
Preloading 0 native plugins for Editor in 0.00 ms.
Unloading 2661 Unused Serialized files (Serialized files now loaded: 0)
System memory in use before: 98.3 MB.
System memory in use after: 98.5 MB.

Unloading 10 unused Assets to reduce memory usage. Loaded Objects now: 3125.
Total: 124.632200 ms (FindLiveObjects: 0.554400 ms CreateObjectMapping: 0.386800 ms MarkObjects: 123.305000 ms  DeleteObjects: 0.382300 ms)

========================================================================
Received Prepare
Registering precompiled user dll's ...
Registered in 0.061470 seconds.
Begin MonoManager ReloadAssembly
Native extension for WindowsStandalone target not found
Refreshing native plugins compatible for Editor in 1.50 ms, found 1 plugins.
Preloading 0 native plugins for Editor in 0.00 ms.
Mono: successfully reloaded assembly
- Completed reload, in 12.344 seconds
Platform modules already initialized, skipping
Refreshing native plugins compatible for Editor in 32.21 ms, found 1 plugins.
Preloading 0 native plugins for Editor in 0.00 ms.
Unloading 2661 Unused Serialized files (Serialized files now loaded: 0)
System memory in use before: 98.3 MB.
System memory in use after: 98.5 MB.

Unloading 10 unused Assets to reduce memory usage. Loaded Objects now: 3128.
Total: 27.082700 ms (FindLiveObjects: 0.469100 ms CreateObjectMapping: 0.395600 ms MarkObjects: 26.004500 ms  DeleteObjects: 0.209400 ms)

========================================================================
Received Prepare
Registering precompiled user dll's ...
Registered in 0.048063 seconds.
Begin MonoManager ReloadAssembly
Native extension for WindowsStandalone target not found
Refreshing native plugins compatible for Editor in 1.06 ms, found 1 plugins.
Preloading 0 native plugins for Editor in 0.00 ms.
Mono: successfully reloaded assembly
- Completed reload, in  6.248 seconds
Platform modules already initialized, skipping
Refreshing native plugins compatible for Editor in 2.95 ms, found 1 plugins.
Preloading 0 native plugins for Editor in 0.00 ms.
Unloading 2661 Unused Serialized files (Serialized files now loaded: 0)
System memory in use before: 98.4 MB.
System memory in use after: 98.6 MB.

Unloading 10 unused Assets to reduce memory usage. Loaded Objects now: 3131.
Total: 4.051000 ms (FindLiveObjects: 0.434100 ms CreateObjectMapping: 0.399800 ms MarkObjects: 3.128300 ms  DeleteObjects: 0.085900 ms)

========================================================================
Received Import Request.
  Time since last request: 54885.682291 seconds.
  path: Assets/Scripts/WebDataFetcher.cs
  artifactKey: Guid(1c75cbc98a9870b44a7d1eb00d53034b) Importer(815301076,1909f56bfc062723c751e8b465ee728b)
Start importing Assets/Scripts/WebDataFetcher.cs using Guid(1c75cbc98a9870b44a7d1eb00d53034b) Importer(815301076,1909f56bfc062723c751e8b465ee728b)  -> (artifact id: '00000000000000000000000000000000') in 0.013749 seconds  code(4) message(Build asset version error: assets/scripts/webdatafetcher.cs in SourceAssetDB has modification time of '2023-12-08T16:14:23.6088894Z' while content on disk has modification time of '2023-12-08T16:16:17.6496126Z')
  ERROR: Build asset version error: assets/scripts/webdatafetcher.cs in SourceAssetDB has modification time of '2023-12-08T16:14:23.6088894Z' while content on disk has modification time of '2023-12-08T16:16:17.6496126Z'
========================================================================
Received Prepare
Registering precompiled user dll's ...
Registered in 0.047901 seconds.
Begin MonoManager ReloadAssembly
Native extension for WindowsStandalone target not found
Refreshing native plugins compatible for Editor in 0.87 ms, found 1 plugins.
Preloading 0 native plugins for Editor in 0.00 ms.
Mono: successfully reloaded assembly
- Completed reload, in  4.939 seconds
Platform modules already initialized, skipping
Refreshing native plugins compatible for Editor in 0.81 ms, found 1 plugins.
Preloading 0 native plugins for Editor in 0.00 ms.
Unloading 2661 Unused Serialized files (Serialized files now loaded: 0)
System memory in use before: 98.4 MB.
System memory in use after: 98.6 MB.

Unloading 10 unused Assets to reduce memory usage. Loaded Objects now: 3134.
Total: 9.210200 ms (FindLiveObjects: 0.414200 ms CreateObjectMapping: 0.578800 ms MarkObjects: 8.051400 ms  DeleteObjects: 0.162300 ms)

========================================================================
Received Import Request.
  Time since last request: 2148.657770 seconds.
  path: Assets/Scripts/WebDataFetcher.cs
  artifactKey: Guid(1c75cbc98a9870b44a7d1eb00d53034b) Importer(815301076,1909f56bfc062723c751e8b465ee728b)
Start importing Assets/Scripts/WebDataFetcher.cs using Guid(1c75cbc98a9870b44a7d1eb00d53034b) Importer(815301076,1909f56bfc062723c751e8b465ee728b)  -> (artifact id: '2b4dd2f875d6da309e9f45fac55df71d') in 0.158688 seconds 
